<?xml version="1.0" encoding="UTF-8"?>
<!-- Generated by org.testng.reporters.JUnitReportReporter -->
<testsuite skipped="0" hostname="DESKTOP-HNAEA5M" name="script.CompleteSearch" tests="5" failures="0" timestamp="13 Feb 2018 09:25:55 GMT" time="153.183" errors="0">
  <testcase name="TestPlaceHolderIsPresentOrNot" time="28.977" classname="script.CompleteSearch"/>
  <testcase name="DontEnterAnyQueryandClickonSearchButton" time="23.978" classname="script.CompleteSearch"/>
  <testcase name="EnteredQueryShouldDisplayInSearchBox" time="28.599" classname="script.CompleteSearch"/>
  <testcase name="TestWhetherSearchButtonIsWorking" time="41.220" classname="script.CompleteSearch"/>
  <testcase name="invalidDataIsWorkingAsPerTheExpectedOutput" time="30.409" classname="script.CompleteSearch"/>
</testsuite> <!-- script.CompleteSearch -->
