<?xml version="1.0" encoding="UTF-8"?>
<!-- Generated by org.testng.reporters.JUnitReportReporter -->
<testsuite skipped="0" hostname="DESKTOP-HNAEA5M" name="script.Test2" tests="1" failures="0" timestamp="13 Feb 2018 12:34:43 GMT" time="20.292" errors="0">
  <testcase name="m10" time="20.292" classname="script.Test2"/>
</testsuite> <!-- script.Test2 -->
