<?xml version="1.0" encoding="UTF-8"?>
<!-- Generated by org.testng.reporters.JUnitReportReporter -->
<testsuite skipped="0" hostname="DESKTOP-HNAEA5M" name="script.CompleteAutosuggestModule" tests="14" failures="0" timestamp="15 Feb 2018 13:54:40 GMT" time="766.148" errors="0">
  <testcase name="autoSuggestIsComingOrNot" time="62.453" classname="script.CompleteAutosuggestModule"/>
  <testcase name="EachLetter" time="92.145" classname="script.CompleteAutosuggestModule"/>
  <testcase name="withoutspace" time="70.120" classname="script.CompleteAutosuggestModule"/>
  <testcase name="keywordSuggestionIsCommingorNot" time="30.436" classname="script.CompleteAutosuggestModule"/>
  <testcase name="keywordWithEnterButton" time="29.407" classname="script.CompleteAutosuggestModule"/>
  <testcase name="keywordWithSearchButton" time="38.243" classname="script.CompleteAutosuggestModule"/>
  <testcase name="spaceandEnter" time="48.363" classname="script.CompleteAutosuggestModule"/>
  <testcase name="popularproductavailableornot" time="41.772" classname="script.CompleteAutosuggestModule"/>
  <testcase name="popualrProductpriceCheck" time="28.374" classname="script.CompleteAutosuggestModule"/>
  <testcase name="popularproductclickandprice" time="117.311" classname="script.CompleteAutosuggestModule"/>
  <testcase name="popularProductMouse" time="38.994" classname="script.CompleteAutosuggestModule"/>
  <testcase name="infield" time="54.508" classname="script.CompleteAutosuggestModule"/>
  <testcase name="infield2" time="42.262" classname="script.CompleteAutosuggestModule"/>
  <testcase name="infield3" time="71.760" classname="script.CompleteAutosuggestModule"/>
</testsuite> <!-- script.CompleteAutosuggestModule -->
