<?xml version="1.0" encoding="UTF-8"?>
<!-- Generated by org.testng.reporters.JUnitReportReporter -->
<testsuite skipped="0" hostname="DESKTOP-HNAEA5M" name="script.Test1" tests="1" failures="0" timestamp="02 Nov 2017 07:16:01 GMT" time="52.846" errors="0">
  <testcase name="m" time="52.846" classname="script.Test1"/>
</testsuite> <!-- script.Test1 -->
