<?xml version="1.0" encoding="UTF-8"?>
<!-- Generated by org.testng.reporters.JUnitReportReporter -->
<testsuite skipped="0" hostname="DESKTOP-HNAEA5M" name="script.Test3" tests="1" failures="0" timestamp="15 Feb 2018 13:02:32 GMT" time="36.152" errors="0">
  <testcase name="sort_AjaxExample" time="36.152" classname="script.Test3"/>
</testsuite> <!-- script.Test3 -->
