<?xml version="1.0" encoding="UTF-8"?>
<!-- Generated by org.testng.reporters.JUnitReportReporter -->
<testsuite skipped="0" hostname="DESKTOP-HNAEA5M" name="script.CompleteSearchModule" tests="5" failures="0" timestamp="13 Feb 2018 09:51:24 GMT" time="148.549" errors="0">
  <testcase name="TestPlaceHolderIsPresentOrNot" time="26.071" classname="script.CompleteSearchModule"/>
  <testcase name="DontEnterAnyQueryandClickonSearchButton" time="22.483" classname="script.CompleteSearchModule"/>
  <testcase name="EnteredQueryShouldDisplayInSearchBox" time="21.904" classname="script.CompleteSearchModule"/>
  <testcase name="TestWhetherSearchButtonIsWorking" time="42.909" classname="script.CompleteSearchModule"/>
  <testcase name="invalidDataIsWorkingAsPerTheExpectedOutput" time="35.182" classname="script.CompleteSearchModule"/>
</testsuite> <!-- script.CompleteSearchModule -->
