<?xml version="1.0" encoding="UTF-8"?>
<!-- Generated by org.testng.reporters.JUnitReportReporter -->
<testsuite skipped="0" hostname="DESKTOP-HNAEA5M" name="script.MaPbyMouseandKeyboard" tests="1" failures="0" timestamp="09 Jan 2018 02:12:17 GMT" time="51.219" errors="0">
  <testcase name="popularProductMouse" time="51.219" classname="script.MaPbyMouseandKeyboard"/>
</testsuite> <!-- script.MaPbyMouseandKeyboard -->
