<?xml version="1.0" encoding="UTF-8"?>
<!-- Generated by org.testng.reporters.JUnitReportReporter -->
<testsuite skipped="0" hostname="DESKTOP-HNAEA5M" name="script.AjaxRequest" tests="1" failures="0" timestamp="15 Feb 2018 10:25:34 GMT" time="9.882" errors="0">
  <testcase name="test_AjaxExample" time="9.882" classname="script.AjaxRequest"/>
</testsuite> <!-- script.AjaxRequest -->
