<?xml version="1.0" encoding="UTF-8"?>
<!-- Generated by org.testng.reporters.JUnitReportReporter -->
<testsuite skipped="0" hostname="DESKTOP-HNAEA5M" name="script.Test1" tests="1" failures="0" timestamp="14 Feb 2018 09:48:15 GMT" time="52.319" errors="0">
  <testcase name="m" time="52.319" classname="script.Test1"/>
</testsuite> <!-- script.Test1 -->
