<?xml version="1.0" encoding="UTF-8"?>
<!-- Generated by org.testng.reporters.JUnitReportReporter -->
<testsuite skipped="0" hostname="DESKTOP-HNAEA5M" name="script.SortBy" tests="2" failures="0" timestamp="16 Oct 2017 05:10:42 GMT" time="52.755" errors="0">
  <testcase name="sortByIsComingorNot" time="32.192" classname="script.SortBy"/>
  <testcase name="byDefaultRelevancySelectedorNot" time="20.563" classname="script.SortBy"/>
</testsuite> <!-- script.SortBy -->
